Arguments: 
  /home/raspincel/.nvm/versions/node/v20.6.1/bin/node /usr/local/bin/yarn

PATH: 
  /home/linuxbrew/.linuxbrew/bin:/home/linuxbrew/.linuxbrew/sbin:/home/raspincel/.nvm/versions/node/v20.6.1/bin:/usr/local/sbin:/usr/local/bin:/usr/sbin:/usr/bin:/sbin:/bin:/usr/games:/usr/local/games:/snap/bin:/snap/bin:/usr/local/go/bin

Yarn version: 
  1.22.19

Node version: 
  20.6.1

Platform: 
  linux x64

Trace: 
  SyntaxError: /home/raspincel/Desktop/superviz/use-cases/bim-software-issue-management/package.json: Expected double-quoted property name in JSON at position 521
      at JSON.parse (<anonymous>)
      at /usr/local/lib/node_modules/yarn/lib/cli.js:1629:59
      at Generator.next (<anonymous>)
      at step (/usr/local/lib/node_modules/yarn/lib/cli.js:310:30)
      at /usr/local/lib/node_modules/yarn/lib/cli.js:321:13

npm manifest: 
  {
  	"name": "bim-software-issue-management",
  	"private": true,
  	"version": "0.0.0",
  	"type": "module",
  	"scripts": {
  		"start": "vite --open /bim-software-issue-management",
  		"dev": "vite --open /bim-software-issue-management",
  		"build": "tsc && vite build",
  		"lint": "eslint . --ext ts,tsx --report-unused-disable-directives --max-warnings 0",
  		"preview": "vite preview"
  	},
  	"dependencies": {
  		"@superviz/react-sdk": "1.5.0-beta.3",
  		"react": "^18.2.0",
  		"react-dom": "^18.2.0",
  		"react-router-dom": "^6.21.2",
  	},
  	"devDependencies": {
  		"@types/react": "^18.2.43",
  		"@types/react-dom": "^18.2.17",
  		"@typescript-eslint/eslint-plugin": "^6.14.0",
  		"@typescript-eslint/parser": "^6.14.0",
  		"@vitejs/plugin-react": "^4.2.1",
  		"eslint": "^8.55.0",
  		"eslint-plugin-react-hooks": "^4.6.0",
  		"eslint-plugin-react-refresh": "^0.4.5",
  		"typescript": "^5.2.2",
  		"vite": "^5.0.8",
  		"vite-tsconfig-paths": "^4.3.1"
  	}
  }

yarn manifest: 
  No manifest

Lockfile: 
  No lockfile
